<?xml version="1.0" encoding="UTF-8"?>
<!-- Generated by org.testng.reporters.JUnitReportReporter -->
<testsuite skipped="1" hostname="DESKTOP-F3B0L8R" name="Bookings.BookFlight" tests="4" failures="0" timestamp="11 thg 11 2022 14:56:43 GMT" time="0.010" errors="0">
  <testcase name="BookFlight_RoundTrip_TestCase3" time="0.002" classname="Bookings.BookFlight"/>
  <testcase name="BookFlight_RoundTrip_TestCase1" time="0.005" classname="Bookings.BookFlight"/>
  <testcase name="BookFlight_RoundTrip_TestCase2" time="0.003" classname="Bookings.BookFlight"/>
  <testcase name="BookFlight_RoundTrip_TestCase4" classname="Bookings.BookFlight">
    <skipped/>
  </testcase> <!-- BookFlight_RoundTrip_TestCase4 -->
</testsuite> <!-- Bookings.BookFlight -->
