<?xml version="1.0" encoding="UTF-8"?>
<!-- Generated by org.testng.reporters.JUnitReportReporter -->
<testsuite skipped="0" hostname="P13M14" name="Bookings.BookFlight" tests="4" failures="0" timestamp="31 Oct 2022 09:36:37 GMT" time="0.002" errors="0">
  <testcase name="BookFlight_OneWay_Testcase1" time="0.001" classname="Bookings.BookFlight"/>
  <testcase name="BookFlight_OneWay_Testcase2" time="0.000" classname="Bookings.BookFlight"/>
  <testcase name="BookFlight_RoundTrip_Testcase2" time="0.001" classname="Bookings.BookFlight"/>
  <testcase name="BookFlight_RoundTrip_Testcase1" time="0.000" classname="Bookings.BookFlight"/>
</testsuite> <!-- Bookings.BookFlight -->
