<?xml version="1.0" encoding="UTF-8"?>
<!-- Generated by org.testng.reporters.JUnitReportReporter -->
<testsuite skipped="0" hostname="P13M14" name="Bookings.BookHolidayPackage" tests="3" failures="0" timestamp="31 Oct 2022 09:36:37 GMT" time="0.007" errors="0">
  <testcase name="BookHolidayPackage_return" time="0.000" classname="Bookings.BookHolidayPackage"/>
  <testcase name="BookHolidayPackage_departure" time="0.006" classname="Bookings.BookHolidayPackage"/>
  <testcase name="BookHolidayPackage_destination" time="0.001" classname="Bookings.BookHolidayPackage"/>
</testsuite> <!-- Bookings.BookHolidayPackage -->
