<?xml version="1.0" encoding="UTF-8"?>
<!-- Generated by org.testng.reporters.JUnitReportReporter -->
<testsuite skipped="0" hostname="P13M14" name="Bookings.BookHotel" tests="3" failures="0" timestamp="31 Oct 2022 09:36:37 GMT" time="0.002" errors="0">
  <testcase name="BookHotel_Checkin" time="0.001" classname="Bookings.BookHotel"/>
  <testcase name="BookHotel_DestinationCity" time="0.000" classname="Bookings.BookHotel"/>
  <testcase name="BookHotel_CheckOut" time="0.001" classname="Bookings.BookHotel"/>
</testsuite> <!-- Bookings.BookHotel -->
